<?xml version="1.0" encoding="UTF-8"?>
<testsuite xmlns:xsi="http://www.w3.org/2001/XMLSchema-instance" xsi:noNamespaceSchemaLocation="https://maven.apache.org/surefire/maven-surefire-plugin/xsd/surefire-test-report.xsd" version="3.0.2" name="com.prueba.farma.service.TicketServiceTest" time="0.843" tests="4" errors="1" skipped="0" failures="0">
  <properties>
    <property name="java.specification.version" value="23"/>
    <property name="sun.cpu.isalist" value="amd64"/>
    <property name="sun.jnu.encoding" value="Cp1252"/>
    <property name="java.class.path" value="c:\Users\USUARIO\Documents\PRUEBAFARMA\farma\target\test-classes;c:\Users\USUARIO\Documents\PRUEBAFARMA\farma\target\classes;C:\Users\USUARIO\.m2\repository\org\springframework\boot\spring-boot-starter-data-jpa\3.4.1\spring-boot-starter-data-jpa-3.4.1.jar;C:\Users\USUARIO\.m2\repository\org\springframework\boot\spring-boot-starter\3.4.1\spring-boot-starter-3.4.1.jar;C:\Users\USUARIO\.m2\repository\org\springframework\boot\spring-boot\3.4.1\spring-boot-3.4.1.jar;C:\Users\USUARIO\.m2\repository\org\springframework\boot\spring-boot-autoconfigure\3.4.1\spring-boot-autoconfigure-3.4.1.jar;C:\Users\USUARIO\.m2\repository\org\springframework\boot\spring-boot-starter-logging\3.4.1\spring-boot-starter-logging-3.4.1.jar;C:\Users\USUARIO\.m2\repository\ch\qos\logback\logback-classic\1.5.12\logback-classic-1.5.12.jar;C:\Users\USUARIO\.m2\repository\ch\qos\logback\logback-core\1.5.12\logback-core-1.5.12.jar;C:\Users\USUARIO\.m2\repository\org\apache\logging\log4j\log4j-to-slf4j\2.24.3\log4j-to-slf4j-2.24.3.jar;C:\Users\USUARIO\.m2\repository\org\apache\logging\log4j\log4j-api\2.24.3\log4j-api-2.24.3.jar;C:\Users\USUARIO\.m2\repository\org\slf4j\jul-to-slf4j\2.0.16\jul-to-slf4j-2.0.16.jar;C:\Users\USUARIO\.m2\repository\jakarta\annotation\jakarta.annotation-api\2.1.1\jakarta.annotation-api-2.1.1.jar;C:\Users\USUARIO\.m2\repository\org\yaml\snakeyaml\2.3\snakeyaml-2.3.jar;C:\Users\USUARIO\.m2\repository\org\springframework\boot\spring-boot-starter-jdbc\3.4.1\spring-boot-starter-jdbc-3.4.1.jar;C:\Users\USUARIO\.m2\repository\com\zaxxer\HikariCP\5.1.0\HikariCP-5.1.0.jar;C:\Users\USUARIO\.m2\repository\org\springframework\spring-jdbc\6.2.1\spring-jdbc-6.2.1.jar;C:\Users\USUARIO\.m2\repository\org\hibernate\orm\hibernate-core\6.6.4.Final\hibernate-core-6.6.4.Final.jar;C:\Users\USUARIO\.m2\repository\jakarta\persistence\jakarta.persistence-api\3.1.0\jakarta.persistence-api-3.1.0.jar;C:\Users\USUARIO\.m2\repository\jakarta\transaction\jakarta.transaction-api\2.0.1\jakarta.transaction-api-2.0.1.jar;C:\Users\USUARIO\.m2\repository\org\jboss\logging\jboss-logging\3.6.1.Final\jboss-logging-3.6.1.Final.jar;C:\Users\USUARIO\.m2\repository\org\hibernate\common\hibernate-commons-annotations\7.0.3.Final\hibernate-commons-annotations-7.0.3.Final.jar;C:\Users\USUARIO\.m2\repository\io\smallrye\jandex\3.2.0\jandex-3.2.0.jar;C:\Users\USUARIO\.m2\repository\com\fasterxml\classmate\1.7.0\classmate-1.7.0.jar;C:\Users\USUARIO\.m2\repository\net\bytebuddy\byte-buddy\1.15.11\byte-buddy-1.15.11.jar;C:\Users\USUARIO\.m2\repository\org\glassfish\jaxb\jaxb-runtime\4.0.5\jaxb-runtime-4.0.5.jar;C:\Users\USUARIO\.m2\repository\org\glassfish\jaxb\jaxb-core\4.0.5\jaxb-core-4.0.5.jar;C:\Users\USUARIO\.m2\repository\org\eclipse\angus\angus-activation\2.0.2\angus-activation-2.0.2.jar;C:\Users\USUARIO\.m2\repository\org\glassfish\jaxb\txw2\4.0.5\txw2-4.0.5.jar;C:\Users\USUARIO\.m2\repository\com\sun\istack\istack-commons-runtime\4.1.2\istack-commons-runtime-4.1.2.jar;C:\Users\USUARIO\.m2\repository\jakarta\inject\jakarta.inject-api\2.0.1\jakarta.inject-api-2.0.1.jar;C:\Users\USUARIO\.m2\repository\org\antlr\antlr4-runtime\4.13.0\antlr4-runtime-4.13.0.jar;C:\Users\USUARIO\.m2\repository\org\springframework\data\spring-data-jpa\3.4.1\spring-data-jpa-3.4.1.jar;C:\Users\USUARIO\.m2\repository\org\springframework\data\spring-data-commons\3.4.1\spring-data-commons-3.4.1.jar;C:\Users\USUARIO\.m2\repository\org\springframework\spring-orm\6.2.1\spring-orm-6.2.1.jar;C:\Users\USUARIO\.m2\repository\org\springframework\spring-tx\6.2.1\spring-tx-6.2.1.jar;C:\Users\USUARIO\.m2\repository\org\slf4j\slf4j-api\2.0.16\slf4j-api-2.0.16.jar;C:\Users\USUARIO\.m2\repository\org\springframework\spring-aspects\6.2.1\spring-aspects-6.2.1.jar;C:\Users\USUARIO\.m2\repository\org\aspectj\aspectjweaver\1.9.22.1\aspectjweaver-1.9.22.1.jar;C:\Users\USUARIO\.m2\repository\org\springframework\boot\spring-boot-starter-security\3.4.1\spring-boot-starter-security-3.4.1.jar;C:\Users\USUARIO\.m2\repository\org\springframework\spring-aop\6.2.1\spring-aop-6.2.1.jar;C:\Users\USUARIO\.m2\repository\org\springframework\security\spring-security-config\6.4.2\spring-security-config-6.4.2.jar;C:\Users\USUARIO\.m2\repository\org\springframework\security\spring-security-web\6.4.2\spring-security-web-6.4.2.jar;C:\Users\USUARIO\.m2\repository\org\springframework\boot\spring-boot-starter-validation\3.4.1\spring-boot-starter-validation-3.4.1.jar;C:\Users\USUARIO\.m2\repository\org\apache\tomcat\embed\tomcat-embed-el\10.1.34\tomcat-embed-el-10.1.34.jar;C:\Users\USUARIO\.m2\repository\org\hibernate\validator\hibernate-validator\8.0.2.Final\hibernate-validator-8.0.2.Final.jar;C:\Users\USUARIO\.m2\repository\jakarta\validation\jakarta.validation-api\3.0.2\jakarta.validation-api-3.0.2.jar;C:\Users\USUARIO\.m2\repository\org\springframework\boot\spring-boot-starter-web\3.4.1\spring-boot-starter-web-3.4.1.jar;C:\Users\USUARIO\.m2\repository\org\springframework\boot\spring-boot-starter-json\3.4.1\spring-boot-starter-json-3.4.1.jar;C:\Users\USUARIO\.m2\repository\com\fasterxml\jackson\datatype\jackson-datatype-jdk8\2.18.2\jackson-datatype-jdk8-2.18.2.jar;C:\Users\USUARIO\.m2\repository\com\fasterxml\jackson\datatype\jackson-datatype-jsr310\2.18.2\jackson-datatype-jsr310-2.18.2.jar;C:\Users\USUARIO\.m2\repository\com\fasterxml\jackson\module\jackson-module-parameter-names\2.18.2\jackson-module-parameter-names-2.18.2.jar;C:\Users\USUARIO\.m2\repository\org\springframework\boot\spring-boot-starter-tomcat\3.4.1\spring-boot-starter-tomcat-3.4.1.jar;C:\Users\USUARIO\.m2\repository\org\apache\tomcat\embed\tomcat-embed-core\10.1.34\tomcat-embed-core-10.1.34.jar;C:\Users\USUARIO\.m2\repository\org\apache\tomcat\embed\tomcat-embed-websocket\10.1.34\tomcat-embed-websocket-10.1.34.jar;C:\Users\USUARIO\.m2\repository\org\springframework\spring-web\6.2.1\spring-web-6.2.1.jar;C:\Users\USUARIO\.m2\repository\io\micrometer\micrometer-observation\1.14.2\micrometer-observation-1.14.2.jar;C:\Users\USUARIO\.m2\repository\io\micrometer\micrometer-commons\1.14.2\micrometer-commons-1.14.2.jar;C:\Users\USUARIO\.m2\repository\com\h2database\h2\2.3.232\h2-2.3.232.jar;C:\Users\USUARIO\.m2\repository\org\projectlombok\lombok\1.18.36\lombok-1.18.36.jar;C:\Users\USUARIO\.m2\repository\org\springframework\boot\spring-boot-starter-test\3.4.1\spring-boot-starter-test-3.4.1.jar;C:\Users\USUARIO\.m2\repository\org\springframework\boot\spring-boot-test\3.4.1\spring-boot-test-3.4.1.jar;C:\Users\USUARIO\.m2\repository\org\springframework\boot\spring-boot-test-autoconfigure\3.4.1\spring-boot-test-autoconfigure-3.4.1.jar;C:\Users\USUARIO\.m2\repository\com\jayway\jsonpath\json-path\2.9.0\json-path-2.9.0.jar;C:\Users\USUARIO\.m2\repository\jakarta\xml\bind\jakarta.xml.bind-api\4.0.2\jakarta.xml.bind-api-4.0.2.jar;C:\Users\USUARIO\.m2\repository\jakarta\activation\jakarta.activation-api\2.1.3\jakarta.activation-api-2.1.3.jar;C:\Users\USUARIO\.m2\repository\net\minidev\json-smart\2.5.1\json-smart-2.5.1.jar;C:\Users\USUARIO\.m2\repository\net\minidev\accessors-smart\2.5.1\accessors-smart-2.5.1.jar;C:\Users\USUARIO\.m2\repository\org\ow2\asm\asm\9.6\asm-9.6.jar;C:\Users\USUARIO\.m2\repository\org\assertj\assertj-core\3.26.3\assertj-core-3.26.3.jar;C:\Users\USUARIO\.m2\repository\org\awaitility\awaitility\4.2.2\awaitility-4.2.2.jar;C:\Users\USUARIO\.m2\repository\org\hamcrest\hamcrest\2.2\hamcrest-2.2.jar;C:\Users\USUARIO\.m2\repository\org\junit\jupiter\junit-jupiter\5.11.4\junit-jupiter-5.11.4.jar;C:\Users\USUARIO\.m2\repository\org\junit\jupiter\junit-jupiter-api\5.11.4\junit-jupiter-api-5.11.4.jar;C:\Users\USUARIO\.m2\repository\org\opentest4j\opentest4j\1.3.0\opentest4j-1.3.0.jar;C:\Users\USUARIO\.m2\repository\org\junit\platform\junit-platform-commons\1.11.4\junit-platform-commons-1.11.4.jar;C:\Users\USUARIO\.m2\repository\org\apiguardian\apiguardian-api\1.1.2\apiguardian-api-1.1.2.jar;C:\Users\USUARIO\.m2\repository\org\junit\jupiter\junit-jupiter-params\5.11.4\junit-jupiter-params-5.11.4.jar;C:\Users\USUARIO\.m2\repository\org\junit\jupiter\junit-jupiter-engine\5.11.4\junit-jupiter-engine-5.11.4.jar;C:\Users\USUARIO\.m2\repository\org\junit\platform\junit-platform-engine\1.11.4\junit-platform-engine-1.11.4.jar;C:\Users\USUARIO\.m2\repository\org\mockito\mockito-core\5.14.2\mockito-core-5.14.2.jar;C:\Users\USUARIO\.m2\repository\net\bytebuddy\byte-buddy-agent\1.15.11\byte-buddy-agent-1.15.11.jar;C:\Users\USUARIO\.m2\repository\org\objenesis\objenesis\3.3\objenesis-3.3.jar;C:\Users\USUARIO\.m2\repository\org\mockito\mockito-junit-jupiter\5.14.2\mockito-junit-jupiter-5.14.2.jar;C:\Users\USUARIO\.m2\repository\org\skyscreamer\jsonassert\1.5.3\jsonassert-1.5.3.jar;C:\Users\USUARIO\.m2\repository\com\vaadin\external\google\android-json\0.0.20131108.vaadin1\android-json-0.0.20131108.vaadin1.jar;C:\Users\USUARIO\.m2\repository\org\springframework\spring-core\6.2.1\spring-core-6.2.1.jar;C:\Users\USUARIO\.m2\repository\org\springframework\spring-jcl\6.2.1\spring-jcl-6.2.1.jar;C:\Users\USUARIO\.m2\repository\org\springframework\spring-test\6.2.1\spring-test-6.2.1.jar;C:\Users\USUARIO\.m2\repository\org\xmlunit\xmlunit-core\2.10.0\xmlunit-core-2.10.0.jar;C:\Users\USUARIO\.m2\repository\org\springframework\security\spring-security-test\6.4.2\spring-security-test-6.4.2.jar;C:\Users\USUARIO\.m2\repository\org\springframework\security\spring-security-core\6.4.2\spring-security-core-6.4.2.jar;C:\Users\USUARIO\.m2\repository\org\springframework\security\spring-security-crypto\6.4.2\spring-security-crypto-6.4.2.jar;C:\Users\USUARIO\.m2\repository\io\jsonwebtoken\jjwt\0.9.1\jjwt-0.9.1.jar;C:\Users\USUARIO\.m2\repository\com\fasterxml\jackson\core\jackson-databind\2.18.2\jackson-databind-2.18.2.jar;C:\Users\USUARIO\.m2\repository\com\fasterxml\jackson\core\jackson-annotations\2.18.2\jackson-annotations-2.18.2.jar;C:\Users\USUARIO\.m2\repository\com\fasterxml\jackson\core\jackson-core\2.18.2\jackson-core-2.18.2.jar;C:\Users\USUARIO\.m2\repository\io\jsonwebtoken\jjwt-api\0.11.5\jjwt-api-0.11.5.jar;C:\Users\USUARIO\.m2\repository\io\jsonwebtoken\jjwt-impl\0.11.5\jjwt-impl-0.11.5.jar;C:\Users\USUARIO\.m2\repository\io\jsonwebtoken\jjwt-jackson\0.11.5\jjwt-jackson-0.11.5.jar;C:\Users\USUARIO\.m2\repository\org\springdoc\springdoc-openapi-starter-webmvc-ui\2.0.4\springdoc-openapi-starter-webmvc-ui-2.0.4.jar;C:\Users\USUARIO\.m2\repository\org\springdoc\springdoc-openapi-starter-webmvc-api\2.0.4\springdoc-openapi-starter-webmvc-api-2.0.4.jar;C:\Users\USUARIO\.m2\repository\org\springdoc\springdoc-openapi-starter-common\2.0.4\springdoc-openapi-starter-common-2.0.4.jar;C:\Users\USUARIO\.m2\repository\io\swagger\core\v3\swagger-core-jakarta\2.2.8\swagger-core-jakarta-2.2.8.jar;C:\Users\USUARIO\.m2\repository\org\apache\commons\commons-lang3\3.17.0\commons-lang3-3.17.0.jar;C:\Users\USUARIO\.m2\repository\io\swagger\core\v3\swagger-annotations-jakarta\2.2.8\swagger-annotations-jakarta-2.2.8.jar;C:\Users\USUARIO\.m2\repository\io\swagger\core\v3\swagger-models-jakarta\2.2.8\swagger-models-jakarta-2.2.8.jar;C:\Users\USUARIO\.m2\repository\com\fasterxml\jackson\dataformat\jackson-dataformat-yaml\2.18.2\jackson-dataformat-yaml-2.18.2.jar;C:\Users\USUARIO\.m2\repository\org\webjars\swagger-ui\4.18.1\swagger-ui-4.18.1.jar;C:\Users\USUARIO\.m2\repository\org\webjars\webjars-locator-core\0.59\webjars-locator-core-0.59.jar;C:\Users\USUARIO\.m2\repository\io\github\classgraph\classgraph\4.8.149\classgraph-4.8.149.jar;C:\Users\USUARIO\.m2\repository\org\springframework\spring-webmvc\5.1.9.RELEASE\spring-webmvc-5.1.9.RELEASE.jar;C:\Users\USUARIO\.m2\repository\org\springframework\spring-beans\6.2.1\spring-beans-6.2.1.jar;C:\Users\USUARIO\.m2\repository\org\springframework\spring-context\6.2.1\spring-context-6.2.1.jar;C:\Users\USUARIO\.m2\repository\org\springframework\spring-expression\6.2.1\spring-expression-6.2.1.jar;"/>
    <property name="java.vm.vendor" value="Eclipse Adoptium"/>
    <property name="sun.arch.data.model" value="64"/>
    <property name="user.variant" value=""/>
    <property name="java.vendor.url" value="https://adoptium.net/"/>
    <property name="user.timezone" value="America/Bogota"/>
    <property name="org.jboss.logging.provider" value="slf4j"/>
    <property name="os.name" value="Windows 11"/>
    <property name="java.vm.specification.version" value="23"/>
    <property name="APPLICATION_NAME" value="farma"/>
    <property name="sun.java.launcher" value="SUN_STANDARD"/>
    <property name="user.country" value="CO"/>
    <property name="sun.boot.library.path" value="C:\Users\USUARIO\AppData\Roaming\Code\User\globalStorage\pleiades.java-extension-pack-jdk\java\latest\bin"/>
    <property name="sun.java.command" value="C:\Users\USUARIO\AppData\Local\Temp\surefire5628133553158158009\surefirebooter-20250123111904899_3.jar C:\Users\USUARIO\AppData\Local\Temp\surefire5628133553158158009 2025-01-23T11-19-04_729-jvmRun1 surefire-20250123111904899_1tmp surefire_0-20250123111904899_2tmp"/>
    <property name="jdk.debug" value="release"/>
    <property name="surefire.test.class.path" value="c:\Users\USUARIO\Documents\PRUEBAFARMA\farma\target\test-classes;c:\Users\USUARIO\Documents\PRUEBAFARMA\farma\target\classes;C:\Users\USUARIO\.m2\repository\org\springframework\boot\spring-boot-starter-data-jpa\3.4.1\spring-boot-starter-data-jpa-3.4.1.jar;C:\Users\USUARIO\.m2\repository\org\springframework\boot\spring-boot-starter\3.4.1\spring-boot-starter-3.4.1.jar;C:\Users\USUARIO\.m2\repository\org\springframework\boot\spring-boot\3.4.1\spring-boot-3.4.1.jar;C:\Users\USUARIO\.m2\repository\org\springframework\boot\spring-boot-autoconfigure\3.4.1\spring-boot-autoconfigure-3.4.1.jar;C:\Users\USUARIO\.m2\repository\org\springframework\boot\spring-boot-starter-logging\3.4.1\spring-boot-starter-logging-3.4.1.jar;C:\Users\USUARIO\.m2\repository\ch\qos\logback\logback-classic\1.5.12\logback-classic-1.5.12.jar;C:\Users\USUARIO\.m2\repository\ch\qos\logback\logback-core\1.5.12\logback-core-1.5.12.jar;C:\Users\USUARIO\.m2\repository\org\apache\logging\log4j\log4j-to-slf4j\2.24.3\log4j-to-slf4j-2.24.3.jar;C:\Users\USUARIO\.m2\repository\org\apache\logging\log4j\log4j-api\2.24.3\log4j-api-2.24.3.jar;C:\Users\USUARIO\.m2\repository\org\slf4j\jul-to-slf4j\2.0.16\jul-to-slf4j-2.0.16.jar;C:\Users\USUARIO\.m2\repository\jakarta\annotation\jakarta.annotation-api\2.1.1\jakarta.annotation-api-2.1.1.jar;C:\Users\USUARIO\.m2\repository\org\yaml\snakeyaml\2.3\snakeyaml-2.3.jar;C:\Users\USUARIO\.m2\repository\org\springframework\boot\spring-boot-starter-jdbc\3.4.1\spring-boot-starter-jdbc-3.4.1.jar;C:\Users\USUARIO\.m2\repository\com\zaxxer\HikariCP\5.1.0\HikariCP-5.1.0.jar;C:\Users\USUARIO\.m2\repository\org\springframework\spring-jdbc\6.2.1\spring-jdbc-6.2.1.jar;C:\Users\USUARIO\.m2\repository\org\hibernate\orm\hibernate-core\6.6.4.Final\hibernate-core-6.6.4.Final.jar;C:\Users\USUARIO\.m2\repository\jakarta\persistence\jakarta.persistence-api\3.1.0\jakarta.persistence-api-3.1.0.jar;C:\Users\USUARIO\.m2\repository\jakarta\transaction\jakarta.transaction-api\2.0.1\jakarta.transaction-api-2.0.1.jar;C:\Users\USUARIO\.m2\repository\org\jboss\logging\jboss-logging\3.6.1.Final\jboss-logging-3.6.1.Final.jar;C:\Users\USUARIO\.m2\repository\org\hibernate\common\hibernate-commons-annotations\7.0.3.Final\hibernate-commons-annotations-7.0.3.Final.jar;C:\Users\USUARIO\.m2\repository\io\smallrye\jandex\3.2.0\jandex-3.2.0.jar;C:\Users\USUARIO\.m2\repository\com\fasterxml\classmate\1.7.0\classmate-1.7.0.jar;C:\Users\USUARIO\.m2\repository\net\bytebuddy\byte-buddy\1.15.11\byte-buddy-1.15.11.jar;C:\Users\USUARIO\.m2\repository\org\glassfish\jaxb\jaxb-runtime\4.0.5\jaxb-runtime-4.0.5.jar;C:\Users\USUARIO\.m2\repository\org\glassfish\jaxb\jaxb-core\4.0.5\jaxb-core-4.0.5.jar;C:\Users\USUARIO\.m2\repository\org\eclipse\angus\angus-activation\2.0.2\angus-activation-2.0.2.jar;C:\Users\USUARIO\.m2\repository\org\glassfish\jaxb\txw2\4.0.5\txw2-4.0.5.jar;C:\Users\USUARIO\.m2\repository\com\sun\istack\istack-commons-runtime\4.1.2\istack-commons-runtime-4.1.2.jar;C:\Users\USUARIO\.m2\repository\jakarta\inject\jakarta.inject-api\2.0.1\jakarta.inject-api-2.0.1.jar;C:\Users\USUARIO\.m2\repository\org\antlr\antlr4-runtime\4.13.0\antlr4-runtime-4.13.0.jar;C:\Users\USUARIO\.m2\repository\org\springframework\data\spring-data-jpa\3.4.1\spring-data-jpa-3.4.1.jar;C:\Users\USUARIO\.m2\repository\org\springframework\data\spring-data-commons\3.4.1\spring-data-commons-3.4.1.jar;C:\Users\USUARIO\.m2\repository\org\springframework\spring-orm\6.2.1\spring-orm-6.2.1.jar;C:\Users\USUARIO\.m2\repository\org\springframework\spring-tx\6.2.1\spring-tx-6.2.1.jar;C:\Users\USUARIO\.m2\repository\org\slf4j\slf4j-api\2.0.16\slf4j-api-2.0.16.jar;C:\Users\USUARIO\.m2\repository\org\springframework\spring-aspects\6.2.1\spring-aspects-6.2.1.jar;C:\Users\USUARIO\.m2\repository\org\aspectj\aspectjweaver\1.9.22.1\aspectjweaver-1.9.22.1.jar;C:\Users\USUARIO\.m2\repository\org\springframework\boot\spring-boot-starter-security\3.4.1\spring-boot-starter-security-3.4.1.jar;C:\Users\USUARIO\.m2\repository\org\springframework\spring-aop\6.2.1\spring-aop-6.2.1.jar;C:\Users\USUARIO\.m2\repository\org\springframework\security\spring-security-config\6.4.2\spring-security-config-6.4.2.jar;C:\Users\USUARIO\.m2\repository\org\springframework\security\spring-security-web\6.4.2\spring-security-web-6.4.2.jar;C:\Users\USUARIO\.m2\repository\org\springframework\boot\spring-boot-starter-validation\3.4.1\spring-boot-starter-validation-3.4.1.jar;C:\Users\USUARIO\.m2\repository\org\apache\tomcat\embed\tomcat-embed-el\10.1.34\tomcat-embed-el-10.1.34.jar;C:\Users\USUARIO\.m2\repository\org\hibernate\validator\hibernate-validator\8.0.2.Final\hibernate-validator-8.0.2.Final.jar;C:\Users\USUARIO\.m2\repository\jakarta\validation\jakarta.validation-api\3.0.2\jakarta.validation-api-3.0.2.jar;C:\Users\USUARIO\.m2\repository\org\springframework\boot\spring-boot-starter-web\3.4.1\spring-boot-starter-web-3.4.1.jar;C:\Users\USUARIO\.m2\repository\org\springframework\boot\spring-boot-starter-json\3.4.1\spring-boot-starter-json-3.4.1.jar;C:\Users\USUARIO\.m2\repository\com\fasterxml\jackson\datatype\jackson-datatype-jdk8\2.18.2\jackson-datatype-jdk8-2.18.2.jar;C:\Users\USUARIO\.m2\repository\com\fasterxml\jackson\datatype\jackson-datatype-jsr310\2.18.2\jackson-datatype-jsr310-2.18.2.jar;C:\Users\USUARIO\.m2\repository\com\fasterxml\jackson\module\jackson-module-parameter-names\2.18.2\jackson-module-parameter-names-2.18.2.jar;C:\Users\USUARIO\.m2\repository\org\springframework\boot\spring-boot-starter-tomcat\3.4.1\spring-boot-starter-tomcat-3.4.1.jar;C:\Users\USUARIO\.m2\repository\org\apache\tomcat\embed\tomcat-embed-core\10.1.34\tomcat-embed-core-10.1.34.jar;C:\Users\USUARIO\.m2\repository\org\apache\tomcat\embed\tomcat-embed-websocket\10.1.34\tomcat-embed-websocket-10.1.34.jar;C:\Users\USUARIO\.m2\repository\org\springframework\spring-web\6.2.1\spring-web-6.2.1.jar;C:\Users\USUARIO\.m2\repository\io\micrometer\micrometer-observation\1.14.2\micrometer-observation-1.14.2.jar;C:\Users\USUARIO\.m2\repository\io\micrometer\micrometer-commons\1.14.2\micrometer-commons-1.14.2.jar;C:\Users\USUARIO\.m2\repository\com\h2database\h2\2.3.232\h2-2.3.232.jar;C:\Users\USUARIO\.m2\repository\org\projectlombok\lombok\1.18.36\lombok-1.18.36.jar;C:\Users\USUARIO\.m2\repository\org\springframework\boot\spring-boot-starter-test\3.4.1\spring-boot-starter-test-3.4.1.jar;C:\Users\USUARIO\.m2\repository\org\springframework\boot\spring-boot-test\3.4.1\spring-boot-test-3.4.1.jar;C:\Users\USUARIO\.m2\repository\org\springframework\boot\spring-boot-test-autoconfigure\3.4.1\spring-boot-test-autoconfigure-3.4.1.jar;C:\Users\USUARIO\.m2\repository\com\jayway\jsonpath\json-path\2.9.0\json-path-2.9.0.jar;C:\Users\USUARIO\.m2\repository\jakarta\xml\bind\jakarta.xml.bind-api\4.0.2\jakarta.xml.bind-api-4.0.2.jar;C:\Users\USUARIO\.m2\repository\jakarta\activation\jakarta.activation-api\2.1.3\jakarta.activation-api-2.1.3.jar;C:\Users\USUARIO\.m2\repository\net\minidev\json-smart\2.5.1\json-smart-2.5.1.jar;C:\Users\USUARIO\.m2\repository\net\minidev\accessors-smart\2.5.1\accessors-smart-2.5.1.jar;C:\Users\USUARIO\.m2\repository\org\ow2\asm\asm\9.6\asm-9.6.jar;C:\Users\USUARIO\.m2\repository\org\assertj\assertj-core\3.26.3\assertj-core-3.26.3.jar;C:\Users\USUARIO\.m2\repository\org\awaitility\awaitility\4.2.2\awaitility-4.2.2.jar;C:\Users\USUARIO\.m2\repository\org\hamcrest\hamcrest\2.2\hamcrest-2.2.jar;C:\Users\USUARIO\.m2\repository\org\junit\jupiter\junit-jupiter\5.11.4\junit-jupiter-5.11.4.jar;C:\Users\USUARIO\.m2\repository\org\junit\jupiter\junit-jupiter-api\5.11.4\junit-jupiter-api-5.11.4.jar;C:\Users\USUARIO\.m2\repository\org\opentest4j\opentest4j\1.3.0\opentest4j-1.3.0.jar;C:\Users\USUARIO\.m2\repository\org\junit\platform\junit-platform-commons\1.11.4\junit-platform-commons-1.11.4.jar;C:\Users\USUARIO\.m2\repository\org\apiguardian\apiguardian-api\1.1.2\apiguardian-api-1.1.2.jar;C:\Users\USUARIO\.m2\repository\org\junit\jupiter\junit-jupiter-params\5.11.4\junit-jupiter-params-5.11.4.jar;C:\Users\USUARIO\.m2\repository\org\junit\jupiter\junit-jupiter-engine\5.11.4\junit-jupiter-engine-5.11.4.jar;C:\Users\USUARIO\.m2\repository\org\junit\platform\junit-platform-engine\1.11.4\junit-platform-engine-1.11.4.jar;C:\Users\USUARIO\.m2\repository\org\mockito\mockito-core\5.14.2\mockito-core-5.14.2.jar;C:\Users\USUARIO\.m2\repository\net\bytebuddy\byte-buddy-agent\1.15.11\byte-buddy-agent-1.15.11.jar;C:\Users\USUARIO\.m2\repository\org\objenesis\objenesis\3.3\objenesis-3.3.jar;C:\Users\USUARIO\.m2\repository\org\mockito\mockito-junit-jupiter\5.14.2\mockito-junit-jupiter-5.14.2.jar;C:\Users\USUARIO\.m2\repository\org\skyscreamer\jsonassert\1.5.3\jsonassert-1.5.3.jar;C:\Users\USUARIO\.m2\repository\com\vaadin\external\google\android-json\0.0.20131108.vaadin1\android-json-0.0.20131108.vaadin1.jar;C:\Users\USUARIO\.m2\repository\org\springframework\spring-core\6.2.1\spring-core-6.2.1.jar;C:\Users\USUARIO\.m2\repository\org\springframework\spring-jcl\6.2.1\spring-jcl-6.2.1.jar;C:\Users\USUARIO\.m2\repository\org\springframework\spring-test\6.2.1\spring-test-6.2.1.jar;C:\Users\USUARIO\.m2\repository\org\xmlunit\xmlunit-core\2.10.0\xmlunit-core-2.10.0.jar;C:\Users\USUARIO\.m2\repository\org\springframework\security\spring-security-test\6.4.2\spring-security-test-6.4.2.jar;C:\Users\USUARIO\.m2\repository\org\springframework\security\spring-security-core\6.4.2\spring-security-core-6.4.2.jar;C:\Users\USUARIO\.m2\repository\org\springframework\security\spring-security-crypto\6.4.2\spring-security-crypto-6.4.2.jar;C:\Users\USUARIO\.m2\repository\io\jsonwebtoken\jjwt\0.9.1\jjwt-0.9.1.jar;C:\Users\USUARIO\.m2\repository\com\fasterxml\jackson\core\jackson-databind\2.18.2\jackson-databind-2.18.2.jar;C:\Users\USUARIO\.m2\repository\com\fasterxml\jackson\core\jackson-annotations\2.18.2\jackson-annotations-2.18.2.jar;C:\Users\USUARIO\.m2\repository\com\fasterxml\jackson\core\jackson-core\2.18.2\jackson-core-2.18.2.jar;C:\Users\USUARIO\.m2\repository\io\jsonwebtoken\jjwt-api\0.11.5\jjwt-api-0.11.5.jar;C:\Users\USUARIO\.m2\repository\io\jsonwebtoken\jjwt-impl\0.11.5\jjwt-impl-0.11.5.jar;C:\Users\USUARIO\.m2\repository\io\jsonwebtoken\jjwt-jackson\0.11.5\jjwt-jackson-0.11.5.jar;C:\Users\USUARIO\.m2\repository\org\springdoc\springdoc-openapi-starter-webmvc-ui\2.0.4\springdoc-openapi-starter-webmvc-ui-2.0.4.jar;C:\Users\USUARIO\.m2\repository\org\springdoc\springdoc-openapi-starter-webmvc-api\2.0.4\springdoc-openapi-starter-webmvc-api-2.0.4.jar;C:\Users\USUARIO\.m2\repository\org\springdoc\springdoc-openapi-starter-common\2.0.4\springdoc-openapi-starter-common-2.0.4.jar;C:\Users\USUARIO\.m2\repository\io\swagger\core\v3\swagger-core-jakarta\2.2.8\swagger-core-jakarta-2.2.8.jar;C:\Users\USUARIO\.m2\repository\org\apache\commons\commons-lang3\3.17.0\commons-lang3-3.17.0.jar;C:\Users\USUARIO\.m2\repository\io\swagger\core\v3\swagger-annotations-jakarta\2.2.8\swagger-annotations-jakarta-2.2.8.jar;C:\Users\USUARIO\.m2\repository\io\swagger\core\v3\swagger-models-jakarta\2.2.8\swagger-models-jakarta-2.2.8.jar;C:\Users\USUARIO\.m2\repository\com\fasterxml\jackson\dataformat\jackson-dataformat-yaml\2.18.2\jackson-dataformat-yaml-2.18.2.jar;C:\Users\USUARIO\.m2\repository\org\webjars\swagger-ui\4.18.1\swagger-ui-4.18.1.jar;C:\Users\USUARIO\.m2\repository\org\webjars\webjars-locator-core\0.59\webjars-locator-core-0.59.jar;C:\Users\USUARIO\.m2\repository\io\github\classgraph\classgraph\4.8.149\classgraph-4.8.149.jar;C:\Users\USUARIO\.m2\repository\org\springframework\spring-webmvc\5.1.9.RELEASE\spring-webmvc-5.1.9.RELEASE.jar;C:\Users\USUARIO\.m2\repository\org\springframework\spring-beans\6.2.1\spring-beans-6.2.1.jar;C:\Users\USUARIO\.m2\repository\org\springframework\spring-context\6.2.1\spring-context-6.2.1.jar;C:\Users\USUARIO\.m2\repository\org\springframework\spring-expression\6.2.1\spring-expression-6.2.1.jar;"/>
    <property name="sun.cpu.endian" value="little"/>
    <property name="user.home" value="C:\Users\USUARIO"/>
    <property name="user.language" value="es"/>
    <property name="java.specification.vendor" value="Oracle Corporation"/>
    <property name="java.version.date" value="2024-10-15"/>
    <property name="java.home" value="C:\Users\USUARIO\AppData\Roaming\Code\User\globalStorage\pleiades.java-extension-pack-jdk\java\latest"/>
    <property name="file.separator" value="\"/>
    <property name="basedir" value="c:\Users\USUARIO\Documents\PRUEBAFARMA\farma"/>
    <property name="java.vm.compressedOopsMode" value="32-bit"/>
    <property name="line.separator" value="&#10;"/>
    <property name="java.vm.specification.vendor" value="Oracle Corporation"/>
    <property name="java.specification.name" value="Java Platform API Specification"/>
    <property name="FILE_LOG_CHARSET" value="UTF-8"/>
    <property name="java.awt.headless" value="true"/>
    <property name="surefire.real.class.path" value="C:\Users\USUARIO\AppData\Local\Temp\surefire5628133553158158009\surefirebooter-20250123111904899_3.jar"/>
    <property name="user.script" value=""/>
    <property name="sun.management.compiler" value="HotSpot 64-Bit Tiered Compilers"/>
    <property name="java.runtime.version" value="23.0.1+11"/>
    <property name="user.name" value="USUARIO"/>
    <property name="stdout.encoding" value="Cp1252"/>
    <property name="path.separator" value=";"/>
    <property name="os.version" value="10.0"/>
    <property name="java.runtime.name" value="OpenJDK Runtime Environment"/>
    <property name="file.encoding" value="UTF-8"/>
    <property name="java.vm.name" value="OpenJDK 64-Bit Server VM"/>
    <property name="java.vendor.version" value="Temurin-23.0.1+11"/>
    <property name="localRepository" value="C:\Users\USUARIO\.m2\repository"/>
    <property name="java.vendor.url.bug" value="https://github.com/adoptium/adoptium-support/issues"/>
    <property name="java.io.tmpdir" value="C:\Users\USUARIO\AppData\Local\Temp\"/>
    <property name="com.zaxxer.hikari.pool_number" value="1"/>
    <property name="java.version" value="23.0.1"/>
    <property name="user.dir" value="c:\Users\USUARIO\Documents\PRUEBAFARMA\farma"/>
    <property name="os.arch" value="amd64"/>
    <property name="java.vm.specification.name" value="Java Virtual Machine Specification"/>
    <property name="PID" value="7292"/>
    <property name="sun.os.patch.level" value=""/>
    <property name="CONSOLE_LOG_CHARSET" value="UTF-8"/>
    <property name="native.encoding" value="Cp1252"/>
    <property name="java.library.path" value="C:\Users\USUARIO\AppData\Roaming\Code\User\globalStorage\pleiades.java-extension-pack-jdk\java\latest\bin;C:\WINDOWS\Sun\Java\bin;C:\WINDOWS\system32;C:\WINDOWS;C:\Users\USUARIO\AppData\Roaming\Code\User\globalStorage\pleiades.java-extension-pack-jdk\gradle\latest\bin;C:\Users\USUARIO\AppData\Roaming\Code\User\globalStorage\pleiades.java-extension-pack-jdk\maven\latest\bin;C:\Users\USUARIO\AppData\Roaming\Code\User\globalStorage\pleiades.java-extension-pack-jdk\java\latest\bin;C:\Program Files\Common Files\Oracle\Java\javapath;C:\Users\USUARIO\AppData\Local\Programs\Python\Python312;C:\Users\USUARIO\AppData\Local\Programs\Python\Python312\Scripts;C:\Program Files\Microsoft\jdk-11.0.16.101-hotspot\bin;C:\WINDOWS\system32;C:\WINDOWS;C:\WINDOWS\System32\Wbem;C:\WINDOWS\System32\WindowsPowerShell\v1.0\;C:\WINDOWS\System32\OpenSSH\;C:\Program Files\Git\cmd;C:\Program Files\nodejs\;C:\ProgramData\chocolatey\bin;C:\Program Files\Microsoft SQL Server\150\Tools\Binn\;C:\Users\USUARIO\AppData\Local\Programs\Python\Python312;C:\Users\USUARIO\AppData\Local\Programs\Python\Python312\Scripts;C:\Users\USUARIO\AppData\Local\Microsoft\WindowsApps;C:\Users\USUARIO\AppData\Local\Programs\Microsoft VS Code\bin;C:\Program Files\MongoDB\Server\4.2\bin;C:\Users\USUARIO\AppData\Roaming\npm;C:\Program Files\nodejs;;."/>
    <property name="java.vm.info" value="mixed mode, sharing"/>
    <property name="stderr.encoding" value="Cp1252"/>
    <property name="java.vendor" value="Eclipse Adoptium"/>
    <property name="java.vm.version" value="23.0.1+11"/>
    <property name="sun.io.unicode.encoding" value="UnicodeLittle"/>
    <property name="java.class.version" value="67.0"/>
    <property name="LOGGED_APPLICATION_NAME" value="[farma] "/>
  </properties>
  <testcase name="testCrearTicket" classname="com.prueba.farma.service.TicketServiceTest" time="0.813">
    <system-err><![CDATA[Mockito is currently self-attaching to enable the inline-mock-maker. This will no longer work in future releases of the JDK. Please add Mockito as an agent to your build what is described in Mockito's documentation: https://javadoc.io/doc/org.mockito/mockito-core/latest/org/mockito/Mockito.html#0.3
WARNING: A Java agent has been loaded dynamically (C:\Users\USUARIO\.m2\repository\net\bytebuddy\byte-buddy-agent\1.15.11\byte-buddy-agent-1.15.11.jar)
WARNING: If a serviceability tool is in use, please run with -XX:+EnableDynamicAgentLoading to hide this warning
WARNING: If a serviceability tool is not in use, please run with -Djdk.instrument.traceUsage for more information
WARNING: Dynamic loading of agents will be disallowed by default in a future release
]]></system-err>
  </testcase>
  <testcase name="testEliminarTicket" classname="com.prueba.farma.service.TicketServiceTest" time="0.016">
    <error message="El ticket con Id 06f09890-0e3d-419e-a4be-cb4076cb6054No existe" type="java.lang.RuntimeException"><![CDATA[java.lang.RuntimeException: El ticket con Id 06f09890-0e3d-419e-a4be-cb4076cb6054No existe
	at com.prueba.farma.service.TicketService.eliminarTicket(TicketService.java:57)
	at com.prueba.farma.service.TicketServiceTest.testEliminarTicket(TicketServiceTest.java:81)
	at java.base/java.lang.reflect.Method.invoke(Method.java:580)
	at java.base/java.util.ArrayList.forEach(ArrayList.java:1597)
	at java.base/java.util.ArrayList.forEach(ArrayList.java:1597)
]]></error>
  </testcase>
  <testcase name="testActualizarTicket" classname="com.prueba.farma.service.TicketServiceTest" time="0.007"/>
  <testcase name="testObtenerTicketPorId" classname="com.prueba.farma.service.TicketServiceTest" time="0.004"/>
</testsuite>